0 info it worked if it ends with ok
1 verbose cli [ '/usr/bin/node',
1 verbose cli   '/usr/bin/npm',
1 verbose cli   'i',
1 verbose cli   'thunk-middleware',
1 verbose cli   '--save' ]
2 info using npm@2.14.2
3 info using node@v4.0.0
4 verbose install initial load of /home/pcolliander/eitu/eitu/static/package.json
5 warn package.json MyApp@0.0.1 No description
6 warn package.json MyApp@0.0.1 No repository field.
7 warn package.json MyApp@0.0.1 No README data
8 verbose installManyTop reading scoped package data from /home/pcolliander/eitu/eitu/static/node_modules/babel-core/package.json
9 verbose installManyTop reading scoped package data from /home/pcolliander/eitu/eitu/static/node_modules/babel-loader/package.json
10 verbose installManyTop reading scoped package data from /home/pcolliander/eitu/eitu/static/node_modules/babel-polyfill/package.json
11 verbose installManyTop reading scoped package data from /home/pcolliander/eitu/eitu/static/node_modules/babel-preset-es2015/package.json
12 verbose installManyTop reading scoped package data from /home/pcolliander/eitu/eitu/static/node_modules/babel-preset-react/package.json
13 verbose installManyTop reading scoped package data from /home/pcolliander/eitu/eitu/static/node_modules/babel-preset-stage-0/package.json
14 verbose installManyTop reading scoped package data from /home/pcolliander/eitu/eitu/static/node_modules/babel-register/package.json
15 verbose installManyTop reading scoped package data from /home/pcolliander/eitu/eitu/static/node_modules/classnames/package.json
16 verbose installManyTop reading scoped package data from /home/pcolliander/eitu/eitu/static/node_modules/marked/package.json
17 verbose installManyTop reading scoped package data from /home/pcolliander/eitu/eitu/static/node_modules/node-uuid/package.json
18 verbose installManyTop reading scoped package data from /home/pcolliander/eitu/eitu/static/node_modules/normalizr/package.json
19 verbose installManyTop reading scoped package data from /home/pcolliander/eitu/eitu/static/node_modules/react/package.json
20 verbose installManyTop reading scoped package data from /home/pcolliander/eitu/eitu/static/node_modules/react-dom/package.json
21 verbose installManyTop reading scoped package data from /home/pcolliander/eitu/eitu/static/node_modules/react-redux/package.json
22 verbose installManyTop reading scoped package data from /home/pcolliander/eitu/eitu/static/node_modules/react-router/package.json
23 verbose installManyTop reading scoped package data from /home/pcolliander/eitu/eitu/static/node_modules/react-router-redux/package.json
24 verbose installManyTop reading scoped package data from /home/pcolliander/eitu/eitu/static/node_modules/redux/package.json
25 verbose installManyTop reading scoped package data from /home/pcolliander/eitu/eitu/static/node_modules/redux-logger/package.json
26 verbose installManyTop reading scoped package data from /home/pcolliander/eitu/eitu/static/node_modules/redux-thunk/package.json
27 verbose installManyTop reading scoped package data from /home/pcolliander/eitu/eitu/static/node_modules/webpack/package.json
28 info package.json node-uuid@1.4.7 No license field.
29 verbose readDependencies loading dependencies from /home/pcolliander/eitu/eitu/static/package.json
30 silly cache add args [ 'thunk-middleware', null ]
31 verbose cache add spec thunk-middleware
32 silly cache add parsed spec Result {
32 silly cache add   raw: 'thunk-middleware',
32 silly cache add   scope: null,
32 silly cache add   name: 'thunk-middleware',
32 silly cache add   rawSpec: '',
32 silly cache add   spec: '*',
32 silly cache add   type: 'range' }
33 silly addNamed thunk-middleware@*
34 verbose addNamed "*" is a valid semver range for thunk-middleware
35 silly addNameRange { name: 'thunk-middleware', range: '*', hasData: false }
36 silly mapToRegistry name thunk-middleware
37 silly mapToRegistry using default registry
38 silly mapToRegistry registry https://registry.npmjs.org/
39 silly mapToRegistry uri https://registry.npmjs.org/thunk-middleware
40 verbose addNameRange registry:https://registry.npmjs.org/thunk-middleware not in flight; fetching
41 verbose request uri https://registry.npmjs.org/thunk-middleware
42 verbose request no auth needed
43 info attempt registry request try #1 at 5:01:05 PM
44 verbose request id cf809dddac2a3003
45 http request GET https://registry.npmjs.org/thunk-middleware
46 http 404 https://registry.npmjs.org/thunk-middleware
47 verbose headers { 'content-type': 'application/json',
47 verbose headers   'cache-control': 'max-age=0',
47 verbose headers   'content-length': '2',
47 verbose headers   'accept-ranges': 'bytes',
47 verbose headers   date: 'Sat, 22 Oct 2016 15:05:45 GMT',
47 verbose headers   via: '1.1 varnish',
47 verbose headers   age: '0',
47 verbose headers   connection: 'keep-alive',
47 verbose headers   'x-served-by': 'cache-bma7031-BMA',
47 verbose headers   'x-cache': 'MISS',
47 verbose headers   'x-cache-hits': '0',
47 verbose headers   'x-timer': 'S1477148745.276626,VS0,VE123',
47 verbose headers   vary: 'Accept-Encoding' }
48 silly get cb [ 404,
48 silly get   { 'content-type': 'application/json',
48 silly get     'cache-control': 'max-age=0',
48 silly get     'content-length': '2',
48 silly get     'accept-ranges': 'bytes',
48 silly get     date: 'Sat, 22 Oct 2016 15:05:45 GMT',
48 silly get     via: '1.1 varnish',
48 silly get     age: '0',
48 silly get     connection: 'keep-alive',
48 silly get     'x-served-by': 'cache-bma7031-BMA',
48 silly get     'x-cache': 'MISS',
48 silly get     'x-cache-hits': '0',
48 silly get     'x-timer': 'S1477148745.276626,VS0,VE123',
48 silly get     vary: 'Accept-Encoding' } ]
49 verbose stack Error: Registry returned 404 for GET on https://registry.npmjs.org/thunk-middleware
49 verbose stack     at makeError (/usr/lib/node_modules/npm/node_modules/npm-registry-client/lib/request.js:263:12)
49 verbose stack     at CachingRegistryClient.<anonymous> (/usr/lib/node_modules/npm/node_modules/npm-registry-client/lib/request.js:241:14)
49 verbose stack     at Request._callback (/usr/lib/node_modules/npm/node_modules/npm-registry-client/lib/request.js:171:14)
49 verbose stack     at Request.self.callback (/usr/lib/node_modules/npm/node_modules/request/request.js:198:22)
49 verbose stack     at emitTwo (events.js:87:13)
49 verbose stack     at Request.emit (events.js:172:7)
49 verbose stack     at Request.<anonymous> (/usr/lib/node_modules/npm/node_modules/request/request.js:1073:14)
49 verbose stack     at emitOne (events.js:82:20)
49 verbose stack     at Request.emit (events.js:169:7)
49 verbose stack     at IncomingMessage.<anonymous> (/usr/lib/node_modules/npm/node_modules/request/request.js:1019:12)
50 verbose statusCode 404
51 verbose pkgid thunk-middleware
52 verbose cwd /home/pcolliander/eitu/eitu/static
53 error Linux 4.4.1-2-ARCH
54 error argv "/usr/bin/node" "/usr/bin/npm" "i" "thunk-middleware" "--save"
55 error node v4.0.0
56 error npm  v2.14.2
57 error code E404
58 error 404 Registry returned 404 for GET on https://registry.npmjs.org/thunk-middleware
58 error 404
58 error 404 'thunk-middleware' is not in the npm registry.
58 error 404 You should bug the author to publish it (or use the name yourself!)
58 error 404 It was specified as a dependency of 'MyApp'
58 error 404
58 error 404 Note that you can also install from a
58 error 404 tarball, folder, http url, or git url.
59 verbose exit [ 1, true ]
